 15-02-2024 15:36:40:871 [pid=1114 tid=1114] ERROR  0:140 unable to load,  liburcu-bp.so.6 

 15-02-2024 15:36:40:872 [pid=1114 tid=1114] ERROR  0:140 unable to load,  liburcu-bp.so.1 

 15-02-2024 15:36:40:872 [pid=1114 tid=1114] WARN   0:172 failed to open /proc/driver/nvidia-fs/devcount  error: No such file or directory
 15-02-2024 15:36:40:872 [pid=1114 tid=1114] NOTICE  cufio-drv:720 running in compatible mode
 15-02-2024 15:36:40:873 [pid=1114 tid=1114] ERROR  cufio-plat:101 cannot open path /sys/bus/pci/devices/0000:01:00.0/resource No such file or directory
 15-02-2024 15:36:40:873 [pid=1114 tid=1114] WARN   cufio-plat:429 GPU index 0 NVIDIA GeForce RTX 3060 Laptop GPU: Model Not Supported
 15-02-2024 15:36:40:873 [pid=1114 tid=1114] WARN   cufio-udev:168 failed in udev device create: /sys/bus/pci/devices/0000:01:00.0
 15-02-2024 15:36:40:965 [pid=1114 tid=1114] ERROR  cufio-topo-udev:431 no device entries present in platform topology
 15-02-2024 15:39:15:9 [pid=1155 tid=1155] ERROR  0:140 unable to load,  liburcu-bp.so.6 

 15-02-2024 15:39:15:9 [pid=1155 tid=1155] ERROR  0:140 unable to load,  liburcu-bp.so.1 

 15-02-2024 15:39:15:9 [pid=1155 tid=1155] WARN   0:172 failed to open /proc/driver/nvidia-fs/devcount  error: No such file or directory
 15-02-2024 15:39:15:9 [pid=1155 tid=1155] NOTICE  cufio-drv:720 running in compatible mode
 15-02-2024 15:39:15:10 [pid=1155 tid=1155] ERROR  cufio-plat:101 cannot open path /sys/bus/pci/devices/0000:01:00.0/resource No such file or directory
 15-02-2024 15:39:15:10 [pid=1155 tid=1155] WARN   cufio-plat:429 GPU index 0 NVIDIA GeForce RTX 3060 Laptop GPU: Model Not Supported
 15-02-2024 15:39:15:10 [pid=1155 tid=1155] WARN   cufio-udev:168 failed in udev device create: /sys/bus/pci/devices/0000:01:00.0
 15-02-2024 15:39:15:97 [pid=1155 tid=1155] ERROR  cufio-topo-udev:431 no device entries present in platform topology
 15-02-2024 15:40:00:881 [pid=1195 tid=1195] ERROR  0:140 unable to load,  liburcu-bp.so.6 

 15-02-2024 15:40:00:882 [pid=1195 tid=1195] ERROR  0:140 unable to load,  liburcu-bp.so.1 

 15-02-2024 15:40:00:882 [pid=1195 tid=1195] WARN   0:172 failed to open /proc/driver/nvidia-fs/devcount  error: No such file or directory
 15-02-2024 15:40:00:882 [pid=1195 tid=1195] NOTICE  cufio-drv:720 running in compatible mode
 15-02-2024 15:40:00:882 [pid=1195 tid=1195] ERROR  cufio-plat:101 cannot open path /sys/bus/pci/devices/0000:01:00.0/resource No such file or directory
 15-02-2024 15:40:00:882 [pid=1195 tid=1195] WARN   cufio-plat:429 GPU index 0 NVIDIA GeForce RTX 3060 Laptop GPU: Model Not Supported
 15-02-2024 15:40:00:882 [pid=1195 tid=1195] WARN   cufio-udev:168 failed in udev device create: /sys/bus/pci/devices/0000:01:00.0
 15-02-2024 15:40:00:962 [pid=1195 tid=1195] ERROR  cufio-topo-udev:431 no device entries present in platform topology
